{"level":"info","message":"::1 - - [19/Mar/2025:10:14:21 +0000] \"GET /health HTTP/1.1\" 404 145 \"-\" \"PostmanRuntime/7.43.2\""}
{"level":"info","message":"::1 - - [19/Mar/2025:10:14:24 +0000] \"POST /health HTTP/1.1\" 404 146 \"-\" \"PostmanRuntime/7.43.2\""}
{"level":"info","message":"::1 - - [19/Mar/2025:10:14:28 +0000] \"POST / HTTP/1.1\" 404 140 \"-\" \"PostmanRuntime/7.43.2\""}
{"level":"info","message":"::1 - - [19/Mar/2025:10:14:31 +0000] \"GET / HTTP/1.1\" 200 18 \"-\" \"PostmanRuntime/7.43.2\""}
{"level":"info","message":"::1 - - [19/Mar/2025:10:15:06 +0000] \"GET / HTTP/1.1\" 200 18 \"-\" \"PostmanRuntime/7.43.2\""}
{"level":"info","message":"::ffff:127.0.0.1 - - [19/Mar/2025:10:15:33 +0000] \"POST / HTTP/1.1\" 404 140 \"-\" \"insomnia/10.3.1\""}
{"level":"info","message":"::ffff:127.0.0.1 - - [19/Mar/2025:10:15:36 +0000] \"GET / HTTP/1.1\" 200 18 \"-\" \"insomnia/10.3.1\""}
{"level":"info","message":"::1 - - [19/Mar/2025:12:34:04 +0000] \"GET / HTTP/1.1\" 200 18 \"-\" \"PostmanRuntime/7.43.2\""}
{"level":"info","message":"::1 - - [19/Mar/2025:12:48:26 +0000] \"GET / HTTP/1.1\" 200 18 \"-\" \"PostmanRuntime/7.43.2\""}
{"level":"info","message":"::1 - - [19/Mar/2025:12:49:13 +0000] \"POST /auth/signup HTTP/1.1\" 404 151 \"-\" \"PostmanRuntime/7.43.2\""}
{"level":"info","message":"::1 - - [19/Mar/2025:12:52:37 +0000] \"POST /user/signup HTTP/1.1\" 404 151 \"-\" \"PostmanRuntime/7.43.2\""}
{"level":"info","message":"::1 - - [19/Mar/2025:12:57:11 +0000] \"POST /api/user/signup HTTP/1.1\" 404 155 \"-\" \"PostmanRuntime/7.43.2\""}
{"level":"info","message":"::1 - - [19/Mar/2025:12:57:14 +0000] \"GET /api/user/signup HTTP/1.1\" 404 154 \"-\" \"PostmanRuntime/7.43.2\""}
{"level":"info","message":"::1 - - [19/Mar/2025:12:57:18 +0000] \"PUT /api/user/signup HTTP/1.1\" 404 154 \"-\" \"PostmanRuntime/7.43.2\""}
{"level":"info","message":"::1 - - [19/Mar/2025:12:57:27 +0000] \"POST /api/user/signup HTTP/1.1\" 404 155 \"-\" \"PostmanRuntime/7.43.2\""}
{"level":"info","message":"::1 - - [19/Mar/2025:12:58:34 +0000] \"POST /api/auth/signup HTTP/1.1\" 404 155 \"-\" \"PostmanRuntime/7.43.2\""}
{"level":"info","message":"::1 - - [19/Mar/2025:13:03:17 +0000] \"POST / HTTP/1.1\" 404 140 \"-\" \"PostmanRuntime/7.43.2\""}
{"level":"info","message":"::1 - - [19/Mar/2025:13:03:21 +0000] \"GET / HTTP/1.1\" 200 18 \"-\" \"PostmanRuntime/7.43.2\""}
{"level":"info","message":"::1 - - [19/Mar/2025:13:04:13 +0000] \"GET /admin/login HTTP/1.1\" 404 150 \"-\" \"PostmanRuntime/7.43.2\""}
{"level":"info","message":"::1 - - [19/Mar/2025:13:05:17 +0000] \"POST /admin/login HTTP/1.1\" 404 151 \"-\" \"PostmanRuntime/7.43.2\""}
{"level":"info","message":"::1 - - [19/Mar/2025:13:08:36 +0000] \"POST /api/admin/login HTTP/1.1\" 404 155 \"-\" \"PostmanRuntime/7.43.2\""}
{"level":"info","message":"::1 - - [19/Mar/2025:13:09:01 +0000] \"POST / HTTP/1.1\" 404 140 \"-\" \"PostmanRuntime/7.43.2\""}
{"level":"info","message":"::1 - - [19/Mar/2025:13:09:07 +0000] \"GET / HTTP/1.1\" 200 18 \"-\" \"PostmanRuntime/7.43.2\""}
{"level":"info","message":"::1 - - [19/Mar/2025:14:00:59 +0000] \"GET / HTTP/1.1\" 200 18 \"-\" \"PostmanRuntime/7.43.2\""}
{"level":"info","message":"::1 - - [19/Mar/2025:14:04:33 +0000] \"GET /api/theaterOwner/signup HTTP/1.1\" 404 162 \"-\" \"PostmanRuntime/7.43.2\""}
{"level":"info","message":"::1 - - [19/Mar/2025:14:04:37 +0000] \"POST /api/theaterOwner/signup HTTP/1.1\" 400 68 \"-\" \"PostmanRuntime/7.43.2\""}
{"level":"info","message":"::1 - - [19/Mar/2025:14:05:04 +0000] \"POST /api/theaterOwner/signup HTTP/1.1\" 200 520 \"-\" \"PostmanRuntime/7.43.2\""}
{"level":"info","message":"::1 - - [19/Mar/2025:14:07:20 +0000] \"POST /api/theaterOwner/signup HTTP/1.1\" 200 508 \"-\" \"PostmanRuntime/7.43.2\""}
{"level":"info","message":"::1 - - [19/Mar/2025:14:07:37 +0000] \"POST /api/theaterOwner/login HTTP/1.1\" 500 33 \"-\" \"PostmanRuntime/7.43.2\""}
{"level":"info","message":"::1 - - [19/Mar/2025:14:10:10 +0000] \"POST /api/theaterOwner/login HTTP/1.1\" 500 33 \"-\" \"PostmanRuntime/7.43.2\""}
